<?xml version="1.0" encoding="UTF-8"?>
<!-- Generated by org.testng.reporters.JUnitReportReporter -->
<testsuite hostname="LAPTOP-JE5H85E5" failures="0" tests="1" name="ErrorValidaitons.NextPage" time="13.556" errors="0" timestamp="2023-05-25T16:36:29 CDT" skipped="0">
  <testcase classname="ErrorValidaitons.NextPage" name="checkNewItems" time="13.556"/>
  <system-out/>
</testsuite> <!-- ErrorValidaitons.NextPage -->
