<?xml version="1.0" encoding="UTF-8"?>
<!-- Generated by org.testng.reporters.JUnitReportReporter -->
<testsuite hostname="LAPTOP-JE5H85E5" failures="0" tests="2" name="bikalp.project1" time="23.768" errors="0" timestamp="2023-05-08T17:57:41 CDT" skipped="0">
  <testcase classname="bikalp.project1" name="submitOrder" time="15.004"/>
  <system-out/>
  <testcase classname="bikalp.project1" name="orderHistoryTest" time="8.764"/>
  <system-out/>
</testsuite> <!-- bikalp.project1 -->
