<?xml version="1.0" encoding="UTF-8"?>
<!-- Generated by org.testng.reporters.JUnitReportReporter -->
<testsuite hostname="LAPTOP-JE5H85E5" failures="0" tests="1" name="cucumber.TestNGTestRunner" time="18.183" errors="0" timestamp="2023-05-10T15:14:11 CDT" skipped="0">
  <testcase classname="cucumber.TestNGTestRunner" name="runScenario" time="18.183"/>
  <system-out/>
</testsuite> <!-- cucumber.TestNGTestRunner -->
